Warnings, critical warnings and errors from synthesis and implementation

Created: 2024-05-09 17:19:03

----SYNTHESIS----
WARNING: [Synth 8-3848] Net vga_out\.rgb in module/entity vga_timing does not have driver. [rtl/vga_timing.sv:15]
WARNING: [Synth 8-6014] Unused sequential element set_x.inc_reg was removed.  [rtl/MouseCtl.vhd:450]
WARNING: [Synth 8-6014] Unused sequential element set_x.x_inter_reg was removed.  [rtl/MouseCtl.vhd:456]
WARNING: [Synth 8-6014] Unused sequential element set_y.inc_reg was removed.  [rtl/MouseCtl.vhd:514]
WARNING: [Synth 8-6014] Unused sequential element set_y.y_inter_reg was removed.  [rtl/MouseCtl.vhd:520]
WARNING: [Synth 8-3848] Net vga_out\.hblnk in module/entity draw_mouse does not have driver. [rtl/draw_mouse.sv:7]
WARNING: [Synth 8-7129] Port vga_out\.hblnk in module draw_mouse is either unconnected or has no load
WARNING: [Synth 8-7129] Port rst in module draw_mouse is either unconnected or has no load
WARNING: [Synth 8-7129] Port vga_in\.vsync in module draw_rect_ctl is either unconnected or has no load
WARNING: [Synth 8-7129] Port vga_in\.vblnk in module draw_rect_ctl is either unconnected or has no load
WARNING: [Synth 8-7129] Port vga_in\.hsync in module draw_rect_ctl is either unconnected or has no load
WARNING: [Synth 8-7129] Port vga_in\.hblnk in module draw_rect_ctl is either unconnected or has no load
WARNING: [Synth 8-7129] Port vga_in\.rgb[11] in module draw_rect_ctl is either unconnected or has no load
WARNING: [Synth 8-7129] Port vga_in\.rgb[10] in module draw_rect_ctl is either unconnected or has no load
WARNING: [Synth 8-7129] Port vga_in\.rgb[9] in module draw_rect_ctl is either unconnected or has no load
WARNING: [Synth 8-7129] Port vga_in\.rgb[8] in module draw_rect_ctl is either unconnected or has no load
WARNING: [Synth 8-7129] Port vga_in\.rgb[7] in module draw_rect_ctl is either unconnected or has no load
WARNING: [Synth 8-7129] Port vga_in\.rgb[6] in module draw_rect_ctl is either unconnected or has no load
WARNING: [Synth 8-7129] Port vga_in\.rgb[5] in module draw_rect_ctl is either unconnected or has no load
WARNING: [Synth 8-7129] Port vga_in\.rgb[4] in module draw_rect_ctl is either unconnected or has no load
WARNING: [Synth 8-7129] Port vga_in\.rgb[3] in module draw_rect_ctl is either unconnected or has no load
WARNING: [Synth 8-7129] Port vga_in\.rgb[2] in module draw_rect_ctl is either unconnected or has no load
WARNING: [Synth 8-7129] Port vga_in\.rgb[1] in module draw_rect_ctl is either unconnected or has no load
WARNING: [Synth 8-7129] Port vga_in\.rgb[0] in module draw_rect_ctl is either unconnected or has no load
WARNING: [Synth 8-7129] Port vga_in\.rgb[11] in module draw_bg is either unconnected or has no load
WARNING: [Synth 8-7129] Port vga_in\.rgb[10] in module draw_bg is either unconnected or has no load
WARNING: [Synth 8-7129] Port vga_in\.rgb[9] in module draw_bg is either unconnected or has no load
WARNING: [Synth 8-7129] Port vga_in\.rgb[8] in module draw_bg is either unconnected or has no load
WARNING: [Synth 8-7129] Port vga_in\.rgb[7] in module draw_bg is either unconnected or has no load
WARNING: [Synth 8-7129] Port vga_in\.rgb[6] in module draw_bg is either unconnected or has no load
WARNING: [Synth 8-7129] Port vga_in\.rgb[5] in module draw_bg is either unconnected or has no load
WARNING: [Synth 8-7129] Port vga_in\.rgb[4] in module draw_bg is either unconnected or has no load
WARNING: [Synth 8-7129] Port vga_in\.rgb[3] in module draw_bg is either unconnected or has no load
WARNING: [Synth 8-7129] Port vga_in\.rgb[2] in module draw_bg is either unconnected or has no load
WARNING: [Synth 8-7129] Port vga_in\.rgb[1] in module draw_bg is either unconnected or has no load
WARNING: [Synth 8-7129] Port vga_in\.rgb[0] in module draw_bg is either unconnected or has no load
WARNING: [Synth 8-7129] Port vga_out\.rgb[11] in module vga_timing is either unconnected or has no load
WARNING: [Synth 8-7129] Port vga_out\.rgb[10] in module vga_timing is either unconnected or has no load
WARNING: [Synth 8-7129] Port vga_out\.rgb[9] in module vga_timing is either unconnected or has no load
WARNING: [Synth 8-7129] Port vga_out\.rgb[8] in module vga_timing is either unconnected or has no load
WARNING: [Synth 8-7129] Port vga_out\.rgb[7] in module vga_timing is either unconnected or has no load
WARNING: [Synth 8-7129] Port vga_out\.rgb[6] in module vga_timing is either unconnected or has no load
WARNING: [Synth 8-7129] Port vga_out\.rgb[5] in module vga_timing is either unconnected or has no load
WARNING: [Synth 8-7129] Port vga_out\.rgb[4] in module vga_timing is either unconnected or has no load
WARNING: [Synth 8-7129] Port vga_out\.rgb[3] in module vga_timing is either unconnected or has no load
WARNING: [Synth 8-7129] Port vga_out\.rgb[2] in module vga_timing is either unconnected or has no load
WARNING: [Synth 8-7129] Port vga_out\.rgb[1] in module vga_timing is either unconnected or has no load
WARNING: [Synth 8-7129] Port vga_out\.rgb[0] in module vga_timing is either unconnected or has no load
WARNING: [Synth 8-7080] Parallel synthesis criteria is not met
WARNING: [Synth 8-7129] Port vga_out\.hblnk in module draw_mouse is either unconnected or has no load
WARNING: [Synth 8-7129] Port rst in module draw_mouse is either unconnected or has no load
WARNING: [Synth 8-7129] Port vga_in\.vsync in module draw_rect_ctl is either unconnected or has no load
WARNING: [Synth 8-7129] Port vga_in\.vblnk in module draw_rect_ctl is either unconnected or has no load
WARNING: [Synth 8-7129] Port vga_in\.hsync in module draw_rect_ctl is either unconnected or has no load
WARNING: [Synth 8-7129] Port vga_in\.hblnk in module draw_rect_ctl is either unconnected or has no load
WARNING: [Synth 8-7129] Port vga_in\.rgb[11] in module draw_rect_ctl is either unconnected or has no load
WARNING: [Synth 8-7129] Port vga_in\.rgb[10] in module draw_rect_ctl is either unconnected or has no load
WARNING: [Synth 8-7129] Port vga_in\.rgb[9] in module draw_rect_ctl is either unconnected or has no load
WARNING: [Synth 8-7129] Port vga_in\.rgb[8] in module draw_rect_ctl is either unconnected or has no load
WARNING: [Synth 8-7129] Port vga_in\.rgb[7] in module draw_rect_ctl is either unconnected or has no load
WARNING: [Synth 8-7129] Port vga_in\.rgb[6] in module draw_rect_ctl is either unconnected or has no load
WARNING: [Synth 8-7129] Port vga_in\.rgb[5] in module draw_rect_ctl is either unconnected or has no load
WARNING: [Synth 8-7129] Port vga_in\.rgb[4] in module draw_rect_ctl is either unconnected or has no load
WARNING: [Synth 8-7129] Port vga_in\.rgb[3] in module draw_rect_ctl is either unconnected or has no load
WARNING: [Synth 8-7129] Port vga_in\.rgb[2] in module draw_rect_ctl is either unconnected or has no load
WARNING: [Synth 8-7129] Port vga_in\.rgb[1] in module draw_rect_ctl is either unconnected or has no load
WARNING: [Synth 8-7129] Port vga_in\.rgb[0] in module draw_rect_ctl is either unconnected or has no load
WARNING: [Synth 8-7129] Port vga_in\.rgb[11] in module draw_bg is either unconnected or has no load
WARNING: [Synth 8-7129] Port vga_in\.rgb[10] in module draw_bg is either unconnected or has no load
WARNING: [Synth 8-7129] Port vga_in\.rgb[9] in module draw_bg is either unconnected or has no load
WARNING: [Synth 8-7129] Port vga_in\.rgb[8] in module draw_bg is either unconnected or has no load
WARNING: [Synth 8-7129] Port vga_in\.rgb[7] in module draw_bg is either unconnected or has no load
WARNING: [Synth 8-7129] Port vga_in\.rgb[6] in module draw_bg is either unconnected or has no load
WARNING: [Synth 8-7129] Port vga_in\.rgb[5] in module draw_bg is either unconnected or has no load
WARNING: [Synth 8-7129] Port vga_in\.rgb[4] in module draw_bg is either unconnected or has no load
WARNING: [Synth 8-7129] Port vga_in\.rgb[3] in module draw_bg is either unconnected or has no load
WARNING: [Synth 8-7129] Port vga_in\.rgb[2] in module draw_bg is either unconnected or has no load
WARNING: [Synth 8-7129] Port vga_in\.rgb[1] in module draw_bg is either unconnected or has no load
WARNING: [Synth 8-7129] Port vga_in\.rgb[0] in module draw_bg is either unconnected or has no load
WARNING: [Synth 8-7129] Port vga_out\.rgb[11] in module vga_timing is either unconnected or has no load
WARNING: [Synth 8-7129] Port vga_out\.rgb[10] in module vga_timing is either unconnected or has no load
WARNING: [Synth 8-7129] Port vga_out\.rgb[9] in module vga_timing is either unconnected or has no load
WARNING: [Synth 8-7129] Port vga_out\.rgb[8] in module vga_timing is either unconnected or has no load
WARNING: [Synth 8-7129] Port vga_out\.rgb[7] in module vga_timing is either unconnected or has no load
WARNING: [Synth 8-7129] Port vga_out\.rgb[6] in module vga_timing is either unconnected or has no load
WARNING: [Synth 8-7129] Port vga_out\.rgb[5] in module vga_timing is either unconnected or has no load
WARNING: [Synth 8-7129] Port vga_out\.rgb[4] in module vga_timing is either unconnected or has no load
WARNING: [Synth 8-7129] Port vga_out\.rgb[3] in module vga_timing is either unconnected or has no load
WARNING: [Synth 8-7129] Port vga_out\.rgb[2] in module vga_timing is either unconnected or has no load
WARNING: [Synth 8-7129] Port vga_out\.rgb[1] in module vga_timing is either unconnected or has no load
WARNING: [Synth 8-7129] Port vga_out\.rgb[0] in module vga_timing is either unconnected or has no load

----IMPLEMENTATION----
WARNING: [DRC DPIP-1] Input pipelining: DSP u_top_vga/u_draw_bg/rgb_nxt5 input u_top_vga/u_draw_bg/rgb_nxt5/A[29:0] is not pipelined. Pipelining DSP48 input will improve performance.
WARNING: [DRC DPIP-1] Input pipelining: DSP u_top_vga/u_draw_bg/rgb_nxt5 input u_top_vga/u_draw_bg/rgb_nxt5/B[17:0] is not pipelined. Pipelining DSP48 input will improve performance.
WARNING: [DRC DPIP-1] Input pipelining: DSP u_top_vga/u_draw_bg/rgb_nxt5__0 input u_top_vga/u_draw_bg/rgb_nxt5__0/A[29:0] is not pipelined. Pipelining DSP48 input will improve performance.
WARNING: [DRC DPIP-1] Input pipelining: DSP u_top_vga/u_draw_bg/rgb_nxt5__0 input u_top_vga/u_draw_bg/rgb_nxt5__0/B[17:0] is not pipelined. Pipelining DSP48 input will improve performance.
WARNING: [DRC DPIP-1] Input pipelining: DSP u_top_vga/u_draw_bg/rgb_nxt5__1 input u_top_vga/u_draw_bg/rgb_nxt5__1/A[29:0] is not pipelined. Pipelining DSP48 input will improve performance.
WARNING: [DRC DPIP-1] Input pipelining: DSP u_top_vga/u_draw_bg/rgb_nxt5__1 input u_top_vga/u_draw_bg/rgb_nxt5__1/B[17:0] is not pipelined. Pipelining DSP48 input will improve performance.
WARNING: [DRC DPIP-1] Input pipelining: DSP u_top_vga/u_draw_bg/rgb_nxt5__2 input u_top_vga/u_draw_bg/rgb_nxt5__2/A[29:0] is not pipelined. Pipelining DSP48 input will improve performance.
WARNING: [DRC DPIP-1] Input pipelining: DSP u_top_vga/u_draw_bg/rgb_nxt5__2 input u_top_vga/u_draw_bg/rgb_nxt5__2/B[17:0] is not pipelined. Pipelining DSP48 input will improve performance.
WARNING: [DRC DPIP-1] Input pipelining: DSP u_top_vga/u_draw_bg/rgb_nxt5__3 input u_top_vga/u_draw_bg/rgb_nxt5__3/A[29:0] is not pipelined. Pipelining DSP48 input will improve performance.
WARNING: [DRC DPIP-1] Input pipelining: DSP u_top_vga/u_draw_bg/rgb_nxt5__3 input u_top_vga/u_draw_bg/rgb_nxt5__3/B[17:0] is not pipelined. Pipelining DSP48 input will improve performance.
WARNING: [DRC DPIP-1] Input pipelining: DSP u_top_vga/u_draw_bg/rgb_nxt5__4 input u_top_vga/u_draw_bg/rgb_nxt5__4/A[29:0] is not pipelined. Pipelining DSP48 input will improve performance.
WARNING: [DRC DPIP-1] Input pipelining: DSP u_top_vga/u_draw_bg/rgb_nxt5__4 input u_top_vga/u_draw_bg/rgb_nxt5__4/B[17:0] is not pipelined. Pipelining DSP48 input will improve performance.
WARNING: [DRC DPIP-1] Input pipelining: DSP u_top_vga/u_draw_bg/rgb_nxt5__5 input u_top_vga/u_draw_bg/rgb_nxt5__5/A[29:0] is not pipelined. Pipelining DSP48 input will improve performance.
WARNING: [DRC DPIP-1] Input pipelining: DSP u_top_vga/u_draw_bg/rgb_nxt5__5 input u_top_vga/u_draw_bg/rgb_nxt5__5/B[17:0] is not pipelined. Pipelining DSP48 input will improve performance.
WARNING: [DRC DPIP-1] Input pipelining: DSP u_top_vga/u_draw_bg/rgb_nxt5__6 input u_top_vga/u_draw_bg/rgb_nxt5__6/A[29:0] is not pipelined. Pipelining DSP48 input will improve performance.
WARNING: [DRC DPIP-1] Input pipelining: DSP u_top_vga/u_draw_bg/rgb_nxt5__6 input u_top_vga/u_draw_bg/rgb_nxt5__6/B[17:0] is not pipelined. Pipelining DSP48 input will improve performance.
WARNING: [DRC DPIP-1] Input pipelining: DSP u_top_vga/u_draw_bg/rgb_nxt5__7 input u_top_vga/u_draw_bg/rgb_nxt5__7/A[29:0] is not pipelined. Pipelining DSP48 input will improve performance.
WARNING: [DRC DPIP-1] Input pipelining: DSP u_top_vga/u_draw_bg/rgb_nxt5__7 input u_top_vga/u_draw_bg/rgb_nxt5__7/B[17:0] is not pipelined. Pipelining DSP48 input will improve performance.
WARNING: [DRC DPOP-1] PREG Output pipelining: DSP u_top_vga/u_draw_bg/rgb_nxt5 output u_top_vga/u_draw_bg/rgb_nxt5/P[47:0] is not pipelined (PREG=0). Pipelining the DSP48 output will improve performance and often saves power so it is suggested whenever possible to fully pipeline this function.  If this DSP48 function was inferred, it is suggested to describe an additional register stage after this function.  If the DSP48 was instantiated in the design, it is suggested to set the PREG attribute to 1.
WARNING: [DRC DPOP-1] PREG Output pipelining: DSP u_top_vga/u_draw_bg/rgb_nxt5__0 output u_top_vga/u_draw_bg/rgb_nxt5__0/P[47:0] is not pipelined (PREG=0). Pipelining the DSP48 output will improve performance and often saves power so it is suggested whenever possible to fully pipeline this function.  If this DSP48 function was inferred, it is suggested to describe an additional register stage after this function.  If the DSP48 was instantiated in the design, it is suggested to set the PREG attribute to 1.
WARNING: [DRC DPOP-1] PREG Output pipelining: DSP u_top_vga/u_draw_bg/rgb_nxt5__1 output u_top_vga/u_draw_bg/rgb_nxt5__1/P[47:0] is not pipelined (PREG=0). Pipelining the DSP48 output will improve performance and often saves power so it is suggested whenever possible to fully pipeline this function.  If this DSP48 function was inferred, it is suggested to describe an additional register stage after this function.  If the DSP48 was instantiated in the design, it is suggested to set the PREG attribute to 1.
WARNING: [DRC DPOP-1] PREG Output pipelining: DSP u_top_vga/u_draw_bg/rgb_nxt5__2 output u_top_vga/u_draw_bg/rgb_nxt5__2/P[47:0] is not pipelined (PREG=0). Pipelining the DSP48 output will improve performance and often saves power so it is suggested whenever possible to fully pipeline this function.  If this DSP48 function was inferred, it is suggested to describe an additional register stage after this function.  If the DSP48 was instantiated in the design, it is suggested to set the PREG attribute to 1.
WARNING: [DRC DPOP-1] PREG Output pipelining: DSP u_top_vga/u_draw_bg/rgb_nxt5__3 output u_top_vga/u_draw_bg/rgb_nxt5__3/P[47:0] is not pipelined (PREG=0). Pipelining the DSP48 output will improve performance and often saves power so it is suggested whenever possible to fully pipeline this function.  If this DSP48 function was inferred, it is suggested to describe an additional register stage after this function.  If the DSP48 was instantiated in the design, it is suggested to set the PREG attribute to 1.
WARNING: [DRC DPOP-1] PREG Output pipelining: DSP u_top_vga/u_draw_bg/rgb_nxt5__4 output u_top_vga/u_draw_bg/rgb_nxt5__4/P[47:0] is not pipelined (PREG=0). Pipelining the DSP48 output will improve performance and often saves power so it is suggested whenever possible to fully pipeline this function.  If this DSP48 function was inferred, it is suggested to describe an additional register stage after this function.  If the DSP48 was instantiated in the design, it is suggested to set the PREG attribute to 1.
WARNING: [DRC DPOP-1] PREG Output pipelining: DSP u_top_vga/u_draw_bg/rgb_nxt5__5 output u_top_vga/u_draw_bg/rgb_nxt5__5/P[47:0] is not pipelined (PREG=0). Pipelining the DSP48 output will improve performance and often saves power so it is suggested whenever possible to fully pipeline this function.  If this DSP48 function was inferred, it is suggested to describe an additional register stage after this function.  If the DSP48 was instantiated in the design, it is suggested to set the PREG attribute to 1.
WARNING: [DRC DPOP-1] PREG Output pipelining: DSP u_top_vga/u_draw_bg/rgb_nxt5__6 output u_top_vga/u_draw_bg/rgb_nxt5__6/P[47:0] is not pipelined (PREG=0). Pipelining the DSP48 output will improve performance and often saves power so it is suggested whenever possible to fully pipeline this function.  If this DSP48 function was inferred, it is suggested to describe an additional register stage after this function.  If the DSP48 was instantiated in the design, it is suggested to set the PREG attribute to 1.
WARNING: [DRC DPOP-1] PREG Output pipelining: DSP u_top_vga/u_draw_bg/rgb_nxt5__7 output u_top_vga/u_draw_bg/rgb_nxt5__7/P[47:0] is not pipelined (PREG=0). Pipelining the DSP48 output will improve performance and often saves power so it is suggested whenever possible to fully pipeline this function.  If this DSP48 function was inferred, it is suggested to describe an additional register stage after this function.  If the DSP48 was instantiated in the design, it is suggested to set the PREG attribute to 1.
WARNING: [DRC DPOP-2] MREG Output pipelining: DSP u_top_vga/u_draw_bg/rgb_nxt5 multiplier stage u_top_vga/u_draw_bg/rgb_nxt5/P[47:0] is not pipelined (MREG=0). Pipelining the multiplier function will improve performance and will save significant power so it is suggested whenever possible to fully pipeline this function.  If this multiplier was inferred, it is suggested to describe an additional register stage after this function.  If there is no registered adder/accumulator following the multiply function, two pipeline stages are suggested to allow both the MREG and PREG registers to be used.  If the DSP48 was instantiated in the design, it is suggested to set both the MREG and PREG attributes to 1 when performing multiply functions.
WARNING: [DRC DPOP-2] MREG Output pipelining: DSP u_top_vga/u_draw_bg/rgb_nxt5__0 multiplier stage u_top_vga/u_draw_bg/rgb_nxt5__0/P[47:0] is not pipelined (MREG=0). Pipelining the multiplier function will improve performance and will save significant power so it is suggested whenever possible to fully pipeline this function.  If this multiplier was inferred, it is suggested to describe an additional register stage after this function.  If there is no registered adder/accumulator following the multiply function, two pipeline stages are suggested to allow both the MREG and PREG registers to be used.  If the DSP48 was instantiated in the design, it is suggested to set both the MREG and PREG attributes to 1 when performing multiply functions.
WARNING: [DRC DPOP-2] MREG Output pipelining: DSP u_top_vga/u_draw_bg/rgb_nxt5__1 multiplier stage u_top_vga/u_draw_bg/rgb_nxt5__1/P[47:0] is not pipelined (MREG=0). Pipelining the multiplier function will improve performance and will save significant power so it is suggested whenever possible to fully pipeline this function.  If this multiplier was inferred, it is suggested to describe an additional register stage after this function.  If there is no registered adder/accumulator following the multiply function, two pipeline stages are suggested to allow both the MREG and PREG registers to be used.  If the DSP48 was instantiated in the design, it is suggested to set both the MREG and PREG attributes to 1 when performing multiply functions.
WARNING: [DRC DPOP-2] MREG Output pipelining: DSP u_top_vga/u_draw_bg/rgb_nxt5__2 multiplier stage u_top_vga/u_draw_bg/rgb_nxt5__2/P[47:0] is not pipelined (MREG=0). Pipelining the multiplier function will improve performance and will save significant power so it is suggested whenever possible to fully pipeline this function.  If this multiplier was inferred, it is suggested to describe an additional register stage after this function.  If there is no registered adder/accumulator following the multiply function, two pipeline stages are suggested to allow both the MREG and PREG registers to be used.  If the DSP48 was instantiated in the design, it is suggested to set both the MREG and PREG attributes to 1 when performing multiply functions.
WARNING: [DRC DPOP-2] MREG Output pipelining: DSP u_top_vga/u_draw_bg/rgb_nxt5__3 multiplier stage u_top_vga/u_draw_bg/rgb_nxt5__3/P[47:0] is not pipelined (MREG=0). Pipelining the multiplier function will improve performance and will save significant power so it is suggested whenever possible to fully pipeline this function.  If this multiplier was inferred, it is suggested to describe an additional register stage after this function.  If there is no registered adder/accumulator following the multiply function, two pipeline stages are suggested to allow both the MREG and PREG registers to be used.  If the DSP48 was instantiated in the design, it is suggested to set both the MREG and PREG attributes to 1 when performing multiply functions.
WARNING: [DRC DPOP-2] MREG Output pipelining: DSP u_top_vga/u_draw_bg/rgb_nxt5__4 multiplier stage u_top_vga/u_draw_bg/rgb_nxt5__4/P[47:0] is not pipelined (MREG=0). Pipelining the multiplier function will improve performance and will save significant power so it is suggested whenever possible to fully pipeline this function.  If this multiplier was inferred, it is suggested to describe an additional register stage after this function.  If there is no registered adder/accumulator following the multiply function, two pipeline stages are suggested to allow both the MREG and PREG registers to be used.  If the DSP48 was instantiated in the design, it is suggested to set both the MREG and PREG attributes to 1 when performing multiply functions.
WARNING: [DRC DPOP-2] MREG Output pipelining: DSP u_top_vga/u_draw_bg/rgb_nxt5__5 multiplier stage u_top_vga/u_draw_bg/rgb_nxt5__5/P[47:0] is not pipelined (MREG=0). Pipelining the multiplier function will improve performance and will save significant power so it is suggested whenever possible to fully pipeline this function.  If this multiplier was inferred, it is suggested to describe an additional register stage after this function.  If there is no registered adder/accumulator following the multiply function, two pipeline stages are suggested to allow both the MREG and PREG registers to be used.  If the DSP48 was instantiated in the design, it is suggested to set both the MREG and PREG attributes to 1 when performing multiply functions.
WARNING: [DRC DPOP-2] MREG Output pipelining: DSP u_top_vga/u_draw_bg/rgb_nxt5__6 multiplier stage u_top_vga/u_draw_bg/rgb_nxt5__6/P[47:0] is not pipelined (MREG=0). Pipelining the multiplier function will improve performance and will save significant power so it is suggested whenever possible to fully pipeline this function.  If this multiplier was inferred, it is suggested to describe an additional register stage after this function.  If there is no registered adder/accumulator following the multiply function, two pipeline stages are suggested to allow both the MREG and PREG registers to be used.  If the DSP48 was instantiated in the design, it is suggested to set both the MREG and PREG attributes to 1 when performing multiply functions.
WARNING: [DRC DPOP-2] MREG Output pipelining: DSP u_top_vga/u_draw_bg/rgb_nxt5__7 multiplier stage u_top_vga/u_draw_bg/rgb_nxt5__7/P[47:0] is not pipelined (MREG=0). Pipelining the multiplier function will improve performance and will save significant power so it is suggested whenever possible to fully pipeline this function.  If this multiplier was inferred, it is suggested to describe an additional register stage after this function.  If there is no registered adder/accumulator following the multiply function, two pipeline stages are suggested to allow both the MREG and PREG registers to be used.  If the DSP48 was instantiated in the design, it is suggested to set both the MREG and PREG attributes to 1 when performing multiply functions.
